10-May-2023 04:55:46.249 INFO [main] org.apache.catalina.startup.VersionLoggerListener.log Server version name:   Apache Tomcat/9.0.71
10-May-2023 04:55:46.253 INFO [main] org.apache.catalina.startup.VersionLoggerListener.log Server built:          Jan 9 2023 22:33:01 UTC
10-May-2023 04:55:46.254 INFO [main] org.apache.catalina.startup.VersionLoggerListener.log Server version number: 9.0.71.0
10-May-2023 04:55:46.254 INFO [main] org.apache.catalina.startup.VersionLoggerListener.log OS Name:               Windows 11
10-May-2023 04:55:46.254 INFO [main] org.apache.catalina.startup.VersionLoggerListener.log OS Version:            10.0
10-May-2023 04:55:46.254 INFO [main] org.apache.catalina.startup.VersionLoggerListener.log Architecture:          amd64
10-May-2023 04:55:46.254 INFO [main] org.apache.catalina.startup.VersionLoggerListener.log Java Home:             C:\Program Files\Java\jdk1.8.0_361\jre
10-May-2023 04:55:46.254 INFO [main] org.apache.catalina.startup.VersionLoggerListener.log JVM Version:           1.8.0_361-b09
10-May-2023 04:55:46.254 INFO [main] org.apache.catalina.startup.VersionLoggerListener.log JVM Vendor:            Oracle Corporation
10-May-2023 04:55:46.254 INFO [main] org.apache.catalina.startup.VersionLoggerListener.log CATALINA_BASE:         C:\Users\isaac\Desktop\Web Tech Final\apache-tomcat-9.0.71
10-May-2023 04:55:46.254 INFO [main] org.apache.catalina.startup.VersionLoggerListener.log CATALINA_HOME:         C:\Users\isaac\Desktop\Web Tech Final\apache-tomcat-9.0.71
10-May-2023 04:55:46.759 INFO [main] org.apache.catalina.startup.VersionLoggerListener.log Command line argument: -Djava.util.logging.config.file=C:\Users\isaac\Desktop\Web Tech Final\apache-tomcat-9.0.71\conf\logging.properties
10-May-2023 04:55:46.760 INFO [main] org.apache.catalina.startup.VersionLoggerListener.log Command line argument: -Djava.util.logging.manager=org.apache.juli.ClassLoaderLogManager
10-May-2023 04:55:46.760 INFO [main] org.apache.catalina.startup.VersionLoggerListener.log Command line argument: -Dhttp.nonProxyHosts=localhost|127.0.0.1|ISAAC
10-May-2023 04:55:46.761 INFO [main] org.apache.catalina.startup.VersionLoggerListener.log Command line argument: -Djdk.tls.ephemeralDHKeySize=2048
10-May-2023 04:55:46.761 INFO [main] org.apache.catalina.startup.VersionLoggerListener.log Command line argument: -Djava.protocol.handler.pkgs=org.apache.catalina.webresources
10-May-2023 04:55:46.761 INFO [main] org.apache.catalina.startup.VersionLoggerListener.log Command line argument: -Dignore.endorsed.dirs=
10-May-2023 04:55:46.761 INFO [main] org.apache.catalina.startup.VersionLoggerListener.log Command line argument: -Dcatalina.base=C:\Users\isaac\Desktop\Web Tech Final\apache-tomcat-9.0.71
10-May-2023 04:55:46.762 INFO [main] org.apache.catalina.startup.VersionLoggerListener.log Command line argument: -Dcatalina.home=C:\Users\isaac\Desktop\Web Tech Final\apache-tomcat-9.0.71
10-May-2023 04:55:46.762 INFO [main] org.apache.catalina.startup.VersionLoggerListener.log Command line argument: -Djava.io.tmpdir=C:\Users\isaac\Desktop\Web Tech Final\apache-tomcat-9.0.71\temp
10-May-2023 04:55:47.021 INFO [main] org.apache.catalina.core.AprLifecycleListener.lifecycleEvent Loaded Apache Tomcat Native library [1.2.35] using APR version [1.7.0].
10-May-2023 04:55:47.023 INFO [main] org.apache.catalina.core.AprLifecycleListener.lifecycleEvent APR capabilities: IPv6 [true], sendfile [true], accept filters [false], random [true], UDS [true].
10-May-2023 04:55:47.024 INFO [main] org.apache.catalina.core.AprLifecycleListener.lifecycleEvent APR/OpenSSL configuration: useAprConnector [false], useOpenSSL [true]
10-May-2023 04:55:47.163 INFO [main] org.apache.catalina.core.AprLifecycleListener.initializeSSL OpenSSL successfully initialized [OpenSSL 1.1.1q  5 Jul 2022]
10-May-2023 04:55:56.556 INFO [main] org.apache.coyote.AbstractProtocol.init Initializing ProtocolHandler ["http-nio-8082"]
10-May-2023 04:55:56.833 INFO [main] org.apache.catalina.startup.Catalina.load Server initialization in [13496] milliseconds
10-May-2023 04:55:57.243 INFO [main] org.apache.catalina.core.StandardService.startInternal Starting service [Catalina]
10-May-2023 04:55:57.244 INFO [main] org.apache.catalina.core.StandardEngine.startInternal Starting Servlet engine: [Apache Tomcat/9.0.71]
10-May-2023 04:55:57.345 INFO [main] org.apache.catalina.startup.HostConfig.deployDescriptor Deploying deployment descriptor [C:\Users\isaac\Desktop\Web Tech Final\apache-tomcat-9.0.71\conf\Catalina\localhost\AddtoCart.xml]
10-May-2023 04:55:57.658 WARNING [main] org.apache.catalina.startup.HostConfig.deployDescriptor The path attribute with value [/AddtoCart] in deployment descriptor [C:\Users\isaac\Desktop\Web Tech Final\apache-tomcat-9.0.71\conf\Catalina\localhost\AddtoCart.xml] has been ignored
10-May-2023 04:56:42.256 INFO [main] org.apache.jasper.servlet.TldScanner.scanJars At least one JAR was scanned for TLDs yet contained no TLDs. Enable debug logging for this logger for a complete list of JARs that were scanned but no TLDs were found in them. Skipping unneeded JARs during scanning can improve startup time and JSP compilation time.
10-May-2023 04:56:45.219 INFO [main] org.springframework.web.context.ContextLoader.initWebApplicationContext Root WebApplicationContext: initialization started
10-May-2023 04:56:51.166 INFO [main] org.springframework.context.support.AbstractApplicationContext.prepareRefresh Refreshing Root WebApplicationContext: startup date [Wed May 10 04:56:51 EDT 2023]; root of context hierarchy
10-May-2023 04:56:52.497 INFO [main] org.springframework.beans.factory.xml.XmlBeanDefinitionReader.loadBeanDefinitions Loading XML bean definitions from ServletContext resource [/WEB-INF/applicationContext.xml]
10-May-2023 04:56:56.704 INFO [main] org.springframework.web.context.ContextLoader.initWebApplicationContext Root WebApplicationContext: initialization completed in 11485 ms
10-May-2023 04:56:56.792 INFO [main] com.sun.faces.config.ConfigureListener.contextInitialized Initializing Mojarra 2.2.7 ( 20140610-1547 https://svn.java.net/svn/mojarra~svn/tags/2.2.7@13362) for context '/AddtoCart'
10-May-2023 04:56:57.526 INFO [main] com.sun.faces.spi.InjectionProviderFactory.createInstance JSF1048: PostConstruct/PreDestroy annotations present.  ManagedBeans methods marked with these annotations will have said annotations processed.
10-May-2023 04:57:00.304 WARNING [main] org.apache.catalina.util.SessionIdGeneratorBase.createSecureRandom Creation of SecureRandom instance for session ID generation using [SHA1PRNG] took [767] milliseconds.
10-May-2023 04:57:00.507 INFO [main] org.springframework.web.servlet.FrameworkServlet.initServletBean FrameworkServlet 'dispatcher': initialization started
10-May-2023 04:57:00.547 INFO [main] org.springframework.context.support.AbstractApplicationContext.prepareRefresh Refreshing WebApplicationContext for namespace 'dispatcher-servlet': startup date [Wed May 10 04:57:00 EDT 2023]; parent: Root WebApplicationContext
10-May-2023 04:57:00.554 INFO [main] org.springframework.beans.factory.xml.XmlBeanDefinitionReader.loadBeanDefinitions Loading XML bean definitions from ServletContext resource [/WEB-INF/dispatcher-servlet.xml]
10-May-2023 04:57:00.892 INFO [main] org.springframework.web.servlet.handler.AbstractUrlHandlerMapping.registerHandler Mapped URL path [/index.htm] onto handler 'indexController'
10-May-2023 04:57:01.410 INFO [main] org.springframework.web.servlet.FrameworkServlet.initServletBean FrameworkServlet 'dispatcher': initialization completed in 902 ms
10-May-2023 04:57:01.439 INFO [main] org.apache.catalina.startup.HostConfig.deployDescriptor Deployment of deployment descriptor [C:\Users\isaac\Desktop\Web Tech Final\apache-tomcat-9.0.71\conf\Catalina\localhost\AddtoCart.xml] has finished in [64,092] ms
10-May-2023 04:57:01.439 INFO [main] org.apache.catalina.startup.HostConfig.deployDescriptor Deploying deployment descriptor [C:\Users\isaac\Desktop\Web Tech Final\apache-tomcat-9.0.71\conf\Catalina\localhost\FinalProjectMVC.xml]
10-May-2023 04:57:01.444 WARNING [main] org.apache.catalina.startup.HostConfig.deployDescriptor The path attribute with value [/FinalProjectMVC] in deployment descriptor [C:\Users\isaac\Desktop\Web Tech Final\apache-tomcat-9.0.71\conf\Catalina\localhost\FinalProjectMVC.xml] has been ignored
10-May-2023 04:57:07.334 INFO [main] org.apache.jasper.servlet.TldScanner.scanJars At least one JAR was scanned for TLDs yet contained no TLDs. Enable debug logging for this logger for a complete list of JARs that were scanned but no TLDs were found in them. Skipping unneeded JARs during scanning can improve startup time and JSP compilation time.
10-May-2023 04:57:07.527 INFO [main] com.sun.faces.config.ConfigureListener.contextInitialized Initializing Mojarra 2.2.7 ( 20140610-1547 https://svn.java.net/svn/mojarra~svn/tags/2.2.7@13362) for context '/FinalProjectMVC'
10-May-2023 04:57:07.862 INFO [main] com.sun.faces.spi.InjectionProviderFactory.createInstance JSF1048: PostConstruct/PreDestroy annotations present.  ManagedBeans methods marked with these annotations will have said annotations processed.
10-May-2023 04:57:08.815 INFO [main] org.apache.catalina.startup.HostConfig.deployDescriptor Deployment of deployment descriptor [C:\Users\isaac\Desktop\Web Tech Final\apache-tomcat-9.0.71\conf\Catalina\localhost\FinalProjectMVC.xml] has finished in [7,376] ms
10-May-2023 04:57:08.816 INFO [main] org.apache.catalina.startup.HostConfig.deployDescriptor Deploying deployment descriptor [C:\Users\isaac\Desktop\Web Tech Final\apache-tomcat-9.0.71\conf\Catalina\localhost\registar.xml]
10-May-2023 04:57:08.818 WARNING [main] org.apache.catalina.startup.HostConfig.deployDescriptor The path attribute with value [/registar] in deployment descriptor [C:\Users\isaac\Desktop\Web Tech Final\apache-tomcat-9.0.71\conf\Catalina\localhost\registar.xml] has been ignored
10-May-2023 04:57:09.567 INFO [main] org.apache.catalina.startup.HostConfig.deployDescriptor Deployment of deployment descriptor [C:\Users\isaac\Desktop\Web Tech Final\apache-tomcat-9.0.71\conf\Catalina\localhost\registar.xml] has finished in [752] ms
10-May-2023 04:57:09.569 INFO [main] org.apache.catalina.startup.HostConfig.deployDescriptor Deploying deployment descriptor [C:\Users\isaac\Desktop\Web Tech Final\apache-tomcat-9.0.71\conf\Catalina\localhost\Register.xml]
10-May-2023 04:57:09.571 WARNING [main] org.apache.catalina.startup.HostConfig.deployDescriptor The path attribute with value [/Register] in deployment descriptor [C:\Users\isaac\Desktop\Web Tech Final\apache-tomcat-9.0.71\conf\Catalina\localhost\Register.xml] has been ignored
10-May-2023 04:57:09.774 INFO [main] org.apache.catalina.startup.HostConfig.deployDescriptor Deployment of deployment descriptor [C:\Users\isaac\Desktop\Web Tech Final\apache-tomcat-9.0.71\conf\Catalina\localhost\Register.xml] has finished in [205] ms
10-May-2023 04:57:09.775 INFO [main] org.apache.catalina.startup.HostConfig.deployDirectory Deploying web application directory [C:\Users\isaac\Desktop\Web Tech Final\apache-tomcat-9.0.71\webapps\docs]
10-May-2023 04:57:09.993 INFO [main] org.apache.catalina.startup.HostConfig.deployDirectory Deployment of web application directory [C:\Users\isaac\Desktop\Web Tech Final\apache-tomcat-9.0.71\webapps\docs] has finished in [217] ms
10-May-2023 04:57:09.993 INFO [main] org.apache.catalina.startup.HostConfig.deployDirectory Deploying web application directory [C:\Users\isaac\Desktop\Web Tech Final\apache-tomcat-9.0.71\webapps\examples]
10-May-2023 04:57:17.253 INFO [main] org.apache.catalina.startup.HostConfig.deployDirectory Deployment of web application directory [C:\Users\isaac\Desktop\Web Tech Final\apache-tomcat-9.0.71\webapps\examples] has finished in [7,259] ms
10-May-2023 04:57:17.253 INFO [main] org.apache.catalina.startup.HostConfig.deployDirectory Deploying web application directory [C:\Users\isaac\Desktop\Web Tech Final\apache-tomcat-9.0.71\webapps\host-manager]
10-May-2023 04:57:18.287 INFO [main] org.apache.catalina.startup.HostConfig.deployDirectory Deployment of web application directory [C:\Users\isaac\Desktop\Web Tech Final\apache-tomcat-9.0.71\webapps\host-manager] has finished in [1,034] ms
10-May-2023 04:57:18.288 INFO [main] org.apache.catalina.startup.HostConfig.deployDirectory Deploying web application directory [C:\Users\isaac\Desktop\Web Tech Final\apache-tomcat-9.0.71\webapps\manager]
10-May-2023 04:57:18.582 INFO [main] org.apache.catalina.startup.HostConfig.deployDirectory Deployment of web application directory [C:\Users\isaac\Desktop\Web Tech Final\apache-tomcat-9.0.71\webapps\manager] has finished in [293] ms
10-May-2023 04:57:18.584 INFO [main] org.apache.catalina.startup.HostConfig.deployDirectory Deploying web application directory [C:\Users\isaac\Desktop\Web Tech Final\apache-tomcat-9.0.71\webapps\ROOT]
10-May-2023 04:57:18.692 INFO [main] org.apache.catalina.startup.HostConfig.deployDirectory Deployment of web application directory [C:\Users\isaac\Desktop\Web Tech Final\apache-tomcat-9.0.71\webapps\ROOT] has finished in [108] ms
10-May-2023 04:57:18.698 INFO [main] org.apache.coyote.AbstractProtocol.start Starting ProtocolHandler ["http-nio-8082"]
10-May-2023 04:57:19.134 INFO [main] org.apache.catalina.startup.Catalina.start Server startup in [82301] milliseconds
10-May-2023 04:57:32.111 INFO [http-nio-8082-exec-12] org.apache.jasper.servlet.TldScanner.scanJars At least one JAR was scanned for TLDs yet contained no TLDs. Enable debug logging for this logger for a complete list of JARs that were scanned but no TLDs were found in them. Skipping unneeded JARs during scanning can improve startup time and JSP compilation time.
10-May-2023 04:57:32.303 INFO [http-nio-8082-exec-12] com.sun.faces.config.ConfigureListener.contextInitialized Initializing Mojarra 2.2.7 ( 20140610-1547 https://svn.java.net/svn/mojarra~svn/tags/2.2.7@13362) for context '/FinalProjectMVC'
10-May-2023 04:57:32.468 INFO [http-nio-8082-exec-12] com.sun.faces.spi.InjectionProviderFactory.createInstance JSF1048: PostConstruct/PreDestroy annotations present.  ManagedBeans methods marked with these annotations will have said annotations processed.
10-May-2023 05:00:23.765 1100 [http-nio-8082-exec-36] com.sun.faces.context.ExceptionHandlerImpl.log JSF1073: javax.faces.application.ViewExpiredException caught during processing of RESTORE_VIEW 1 : UIComponent-ClientId=, Message=viewId:/index1.xhtml - View /index1.xhtml could not be restored.
10-May-2023 05:00:23.767 1100 [http-nio-8082-exec-36] com.sun.faces.context.ExceptionHandlerImpl.log viewId:/index1.xhtml - View /index1.xhtml could not be restored.
	javax.faces.application.ViewExpiredException: viewId:/index1.xhtml - View /index1.xhtml could not be restored.
		at com.sun.faces.lifecycle.RestoreViewPhase.execute(RestoreViewPhase.java:210)
		at com.sun.faces.lifecycle.Phase.doPhase(Phase.java:101)
		at com.sun.faces.lifecycle.RestoreViewPhase.doPhase(RestoreViewPhase.java:121)
		at com.sun.faces.lifecycle.LifecycleImpl.execute(LifecycleImpl.java:198)
		at javax.faces.webapp.FacesServlet.service(FacesServlet.java:646)
		at org.apache.catalina.core.ApplicationFilterChain.internalDoFilter(ApplicationFilterChain.java:227)
		at org.apache.catalina.core.ApplicationFilterChain.doFilter(ApplicationFilterChain.java:162)
		at org.apache.tomcat.websocket.server.WsFilter.doFilter(WsFilter.java:53)
		at org.apache.catalina.core.ApplicationFilterChain.internalDoFilter(ApplicationFilterChain.java:189)
		at org.apache.catalina.core.ApplicationFilterChain.doFilter(ApplicationFilterChain.java:162)
		at org.apache.catalina.core.StandardWrapperValve.invoke(StandardWrapperValve.java:177)
		at org.apache.catalina.core.StandardContextValve.invoke(StandardContextValve.java:97)
		at org.apache.catalina.authenticator.AuthenticatorBase.invoke(AuthenticatorBase.java:541)
		at org.apache.catalina.core.StandardHostValve.invoke(StandardHostValve.java:135)
		at org.apache.catalina.valves.ErrorReportValve.invoke(ErrorReportValve.java:92)
		at org.apache.catalina.valves.AbstractAccessLogValve.invoke(AbstractAccessLogValve.java:687)
		at org.apache.catalina.core.StandardEngineValve.invoke(StandardEngineValve.java:78)
		at org.apache.catalina.connector.CoyoteAdapter.service(CoyoteAdapter.java:360)
		at org.apache.coyote.http11.Http11Processor.service(Http11Processor.java:399)
		at org.apache.coyote.AbstractProcessorLight.process(AbstractProcessorLight.java:65)
		at org.apache.coyote.AbstractProtocol$ConnectionHandler.process(AbstractProtocol.java:891)
		at org.apache.tomcat.util.net.NioEndpoint$SocketProcessor.doRun(NioEndpoint.java:1784)
		at org.apache.tomcat.util.net.SocketProcessorBase.run(SocketProcessorBase.java:49)
		at org.apache.tomcat.util.threads.ThreadPoolExecutor.runWorker(ThreadPoolExecutor.java:1191)
		at org.apache.tomcat.util.threads.ThreadPoolExecutor$Worker.run(ThreadPoolExecutor.java:659)
		at org.apache.tomcat.util.threads.TaskThread$WrappingRunnable.run(TaskThread.java:61)
		at java.lang.Thread.run(Thread.java:750)
10-May-2023 05:07:26.749 INFO [http-nio-8082-exec-32] org.apache.catalina.core.StandardContext.reload Reloading Context with name [/FinalProjectMVC] has started
10-May-2023 05:07:51.481 INFO [http-nio-8082-exec-32] org.apache.jasper.servlet.TldScanner.scanJars At least one JAR was scanned for TLDs yet contained no TLDs. Enable debug logging for this logger for a complete list of JARs that were scanned but no TLDs were found in them. Skipping unneeded JARs during scanning can improve startup time and JSP compilation time.
10-May-2023 05:07:51.958 INFO [http-nio-8082-exec-32] com.sun.faces.config.ConfigureListener.contextInitialized Initializing Mojarra 2.2.7 ( 20140610-1547 https://svn.java.net/svn/mojarra~svn/tags/2.2.7@13362) for context '/FinalProjectMVC'
10-May-2023 05:07:52.305 INFO [http-nio-8082-exec-32] com.sun.faces.spi.InjectionProviderFactory.createInstance JSF1048: PostConstruct/PreDestroy annotations present.  ManagedBeans methods marked with these annotations will have said annotations processed.
10-May-2023 05:07:54.062 INFO [http-nio-8082-exec-32] org.apache.catalina.core.StandardContext.reload Reloading Context with name [/FinalProjectMVC] is completed
10-May-2023 05:08:25.710 INFO [http-nio-8082-exec-31] org.hibernate.annotations.common.reflection.java.JavaReflectionManager.<clinit> HCANN000001: Hibernate Commons Annotations {4.0.4.Final}
10-May-2023 05:08:25.728 INFO [http-nio-8082-exec-31] org.hibernate.Version.logVersion HHH000412: Hibernate Core {4.3.1.Final}
10-May-2023 05:08:25.734 INFO [http-nio-8082-exec-31] org.hibernate.cfg.Environment.<clinit> HHH000206: hibernate.properties not found
10-May-2023 05:08:25.737 INFO [http-nio-8082-exec-31] org.hibernate.cfg.Environment.buildBytecodeProvider HHH000021: Bytecode provider name : javassist
10-May-2023 05:08:26.239 INFO [http-nio-8082-exec-31] org.hibernate.cfg.Configuration.configure HHH000043: Configuring from resource: /hibernate.cfg.xml
10-May-2023 05:08:26.240 INFO [http-nio-8082-exec-31] org.hibernate.cfg.Configuration.getConfigurationInputStream HHH000040: Configuration resource: /hibernate.cfg.xml
10-May-2023 05:08:26.778 WARN [http-nio-8082-exec-31] org.hibernate.internal.util.xml.DTDEntityResolver.resolveEntity HHH000223: Recognized obsolete hibernate namespace http://hibernate.sourceforge.net/. Use namespace http://www.hibernate.org/dtd/ instead. Refer to Hibernate 3.6 Migration Guide!
10-May-2023 05:08:26.951 INFO [http-nio-8082-exec-31] org.hibernate.cfg.Configuration.doConfigure HHH000041: Configured SessionFactory: null
10-May-2023 05:08:27.524 WARN [http-nio-8082-exec-31] org.hibernate.engine.jdbc.connections.internal.DriverManagerConnectionProviderImpl.configure HHH000402: Using Hibernate built-in connection pool (not for production use!)
10-May-2023 05:08:27.533 INFO [http-nio-8082-exec-31] org.hibernate.engine.jdbc.connections.internal.DriverManagerConnectionProviderImpl.buildCreator HHH000401: using driver [com.mysql.jdbc.Driver] at URL [jdbc:mysql://localhost:3306/food?zeroDateTimeBehavior=convertToNull]
10-May-2023 05:08:27.533 INFO [http-nio-8082-exec-31] org.hibernate.engine.jdbc.connections.internal.DriverManagerConnectionProviderImpl.buildCreator HHH000046: Connection properties: {user=root}
10-May-2023 05:08:27.534 INFO [http-nio-8082-exec-31] org.hibernate.engine.jdbc.connections.internal.DriverManagerConnectionProviderImpl.buildCreator HHH000006: Autocommit mode: false
10-May-2023 05:08:27.536 INFO [http-nio-8082-exec-31] org.hibernate.engine.jdbc.connections.internal.DriverManagerConnectionProviderImpl.configure HHH000115: Hibernate connection pool size: 20 (min=1)
10-May-2023 05:08:28.304 INFO [http-nio-8082-exec-31] org.hibernate.dialect.Dialect.<init> HHH000400: Using dialect: org.hibernate.dialect.MySQLDialect
10-May-2023 05:08:28.673 INFO [http-nio-8082-exec-31] org.hibernate.engine.transaction.internal.TransactionFactoryInitiator.initiateService HHH000399: Using default transaction strategy (direct JDBC transactions)
10-May-2023 05:08:28.709 INFO [http-nio-8082-exec-31] org.hibernate.hql.internal.ast.ASTQueryTranslatorFactory.<init> HHH000397: Using ASTQueryTranslatorFactory
10-May-2023 05:08:30.144 INFO [http-nio-8082-exec-31] org.hibernate.tool.hbm2ddl.SchemaUpdate.execute HHH000228: Running hbm2ddl schema update
10-May-2023 05:08:30.145 INFO [http-nio-8082-exec-31] org.hibernate.tool.hbm2ddl.SchemaUpdate.execute HHH000102: Fetching database metadata
10-May-2023 05:08:30.150 INFO [http-nio-8082-exec-31] org.hibernate.tool.hbm2ddl.SchemaUpdate.execute HHH000396: Updating schema
10-May-2023 05:08:30.154 INFO [http-nio-8082-exec-31] org.hibernate.tool.hbm2ddl.DatabaseMetadata.getTableMetadata HHH000262: Table not found: Payment_Delivery
10-May-2023 05:08:30.158 INFO [http-nio-8082-exec-31] org.hibernate.tool.hbm2ddl.DatabaseMetadata.getTableMetadata HHH000262: Table not found: Payment_Delivery
10-May-2023 05:08:30.159 INFO [http-nio-8082-exec-31] org.hibernate.tool.hbm2ddl.DatabaseMetadata.getTableMetadata HHH000262: Table not found: Payment_Delivery
10-May-2023 05:08:31.658 INFO [http-nio-8082-exec-31] org.hibernate.tool.hbm2ddl.SchemaUpdate.execute HHH000232: Schema update complete
10-May-2023 05:14:03.827 INFO [http-nio-8082-exec-46] org.apache.catalina.core.StandardContext.reload Reloading Context with name [/AddtoCart] has started
10-May-2023 05:14:03.831 INFO [http-nio-8082-exec-46] org.springframework.context.support.AbstractApplicationContext.doClose Closing WebApplicationContext for namespace 'dispatcher-servlet': startup date [Wed May 10 04:57:00 EDT 2023]; parent: Root WebApplicationContext
10-May-2023 05:14:04.590 INFO [http-nio-8082-exec-46] org.springframework.context.support.AbstractApplicationContext.doClose Closing Root WebApplicationContext: startup date [Wed May 10 04:56:51 EDT 2023]; root of context hierarchy
10-May-2023 05:14:05.236 WARNING [http-nio-8082-exec-46] org.apache.catalina.loader.WebappClassLoaderBase.clearReferencesThreads The web application [AddtoCart] appears to have started a thread named [Abandoned connection cleanup thread] but has failed to stop it. This is very likely to create a memory leak. Stack trace of thread:
 java.lang.Object.wait(Native Method)
 java.lang.ref.ReferenceQueue.remove(ReferenceQueue.java:150)
 com.mysql.jdbc.AbandonedConnectionCleanupThread.run(AbandonedConnectionCleanupThread.java:41)
10-May-2023 05:14:10.821 INFO [http-nio-8082-exec-46] org.apache.jasper.servlet.TldScanner.scanJars At least one JAR was scanned for TLDs yet contained no TLDs. Enable debug logging for this logger for a complete list of JARs that were scanned but no TLDs were found in them. Skipping unneeded JARs during scanning can improve startup time and JSP compilation time.
10-May-2023 05:14:10.993 INFO [http-nio-8082-exec-46] org.springframework.web.context.ContextLoader.initWebApplicationContext Root WebApplicationContext: initialization started
10-May-2023 05:14:11.175 INFO [http-nio-8082-exec-46] org.springframework.context.support.AbstractApplicationContext.prepareRefresh Refreshing Root WebApplicationContext: startup date [Wed May 10 05:14:11 EDT 2023]; root of context hierarchy
10-May-2023 05:14:11.253 INFO [http-nio-8082-exec-46] org.springframework.beans.factory.xml.XmlBeanDefinitionReader.loadBeanDefinitions Loading XML bean definitions from ServletContext resource [/WEB-INF/applicationContext.xml]
10-May-2023 05:14:11.437 INFO [http-nio-8082-exec-46] org.springframework.web.context.ContextLoader.initWebApplicationContext Root WebApplicationContext: initialization completed in 444 ms
10-May-2023 05:14:11.504 INFO [http-nio-8082-exec-46] com.sun.faces.config.ConfigureListener.contextInitialized Initializing Mojarra 2.2.7 ( 20140610-1547 https://svn.java.net/svn/mojarra~svn/tags/2.2.7@13362) for context '/AddtoCart'
10-May-2023 05:14:11.859 INFO [http-nio-8082-exec-46] com.sun.faces.spi.InjectionProviderFactory.createInstance JSF1048: PostConstruct/PreDestroy annotations present.  ManagedBeans methods marked with these annotations will have said annotations processed.
10-May-2023 05:14:12.644 INFO [http-nio-8082-exec-46] org.springframework.web.servlet.FrameworkServlet.initServletBean FrameworkServlet 'dispatcher': initialization started
10-May-2023 05:14:12.650 INFO [http-nio-8082-exec-46] org.springframework.context.support.AbstractApplicationContext.prepareRefresh Refreshing WebApplicationContext for namespace 'dispatcher-servlet': startup date [Wed May 10 05:14:12 EDT 2023]; parent: Root WebApplicationContext
10-May-2023 05:14:12.652 INFO [http-nio-8082-exec-46] org.springframework.beans.factory.xml.XmlBeanDefinitionReader.loadBeanDefinitions Loading XML bean definitions from ServletContext resource [/WEB-INF/dispatcher-servlet.xml]
10-May-2023 05:14:12.931 INFO [http-nio-8082-exec-46] org.springframework.web.servlet.handler.AbstractUrlHandlerMapping.registerHandler Mapped URL path [/index.htm] onto handler 'indexController'
10-May-2023 05:14:13.053 INFO [http-nio-8082-exec-46] org.springframework.web.servlet.FrameworkServlet.initServletBean FrameworkServlet 'dispatcher': initialization completed in 409 ms
10-May-2023 05:14:13.055 INFO [http-nio-8082-exec-46] org.apache.catalina.core.StandardContext.reload Reloading Context with name [/AddtoCart] is completed
10-May-2023 05:14:34.696 INFO [http-nio-8082-exec-50] org.hibernate.annotations.common.reflection.java.JavaReflectionManager.<clinit> HCANN000001: Hibernate Commons Annotations {4.0.4.Final}
10-May-2023 05:14:34.717 INFO [http-nio-8082-exec-50] org.hibernate.Version.logVersion HHH000412: Hibernate Core {4.3.1.Final}
10-May-2023 05:14:34.723 INFO [http-nio-8082-exec-50] org.hibernate.cfg.Environment.<clinit> HHH000206: hibernate.properties not found
10-May-2023 05:14:34.726 INFO [http-nio-8082-exec-50] org.hibernate.cfg.Environment.buildBytecodeProvider HHH000021: Bytecode provider name : javassist
10-May-2023 05:14:34.834 INFO [http-nio-8082-exec-50] org.hibernate.cfg.Configuration.configure HHH000043: Configuring from resource: /hibernate.cfg.xml
10-May-2023 05:14:34.834 INFO [http-nio-8082-exec-50] org.hibernate.cfg.Configuration.getConfigurationInputStream HHH000040: Configuration resource: /hibernate.cfg.xml
10-May-2023 05:14:34.942 WARN [http-nio-8082-exec-50] org.hibernate.internal.util.xml.DTDEntityResolver.resolveEntity HHH000223: Recognized obsolete hibernate namespace http://hibernate.sourceforge.net/. Use namespace http://www.hibernate.org/dtd/ instead. Refer to Hibernate 3.6 Migration Guide!
10-May-2023 05:14:35.004 INFO [http-nio-8082-exec-50] org.hibernate.cfg.Configuration.doConfigure HHH000041: Configured SessionFactory: null
10-May-2023 05:14:35.656 WARN [http-nio-8082-exec-50] org.hibernate.engine.jdbc.connections.internal.DriverManagerConnectionProviderImpl.configure HHH000402: Using Hibernate built-in connection pool (not for production use!)
10-May-2023 05:14:35.664 INFO [http-nio-8082-exec-50] org.hibernate.engine.jdbc.connections.internal.DriverManagerConnectionProviderImpl.buildCreator HHH000401: using driver [com.mysql.jdbc.Driver] at URL [jdbc:mysql://localhost:3306/food?zeroDateTimeBehavior=convertToNull]
10-May-2023 05:14:35.664 INFO [http-nio-8082-exec-50] org.hibernate.engine.jdbc.connections.internal.DriverManagerConnectionProviderImpl.buildCreator HHH000046: Connection properties: {user=root}
10-May-2023 05:14:35.665 INFO [http-nio-8082-exec-50] org.hibernate.engine.jdbc.connections.internal.DriverManagerConnectionProviderImpl.buildCreator HHH000006: Autocommit mode: false
10-May-2023 05:14:35.668 INFO [http-nio-8082-exec-50] org.hibernate.engine.jdbc.connections.internal.DriverManagerConnectionProviderImpl.configure HHH000115: Hibernate connection pool size: 20 (min=1)
10-May-2023 05:14:36.105 INFO [http-nio-8082-exec-50] org.hibernate.dialect.Dialect.<init> HHH000400: Using dialect: org.hibernate.dialect.MySQLDialect
10-May-2023 05:14:36.651 INFO [http-nio-8082-exec-50] org.hibernate.engine.transaction.internal.TransactionFactoryInitiator.initiateService HHH000399: Using default transaction strategy (direct JDBC transactions)
10-May-2023 05:14:36.665 INFO [http-nio-8082-exec-50] org.hibernate.hql.internal.ast.ASTQueryTranslatorFactory.<init> HHH000397: Using ASTQueryTranslatorFactory
10-May-2023 05:14:37.665 INFO [http-nio-8082-exec-50] org.hibernate.tool.hbm2ddl.SchemaUpdate.execute HHH000228: Running hbm2ddl schema update
10-May-2023 05:14:37.666 INFO [http-nio-8082-exec-50] org.hibernate.tool.hbm2ddl.SchemaUpdate.execute HHH000102: Fetching database metadata
10-May-2023 05:14:37.670 INFO [http-nio-8082-exec-50] org.hibernate.tool.hbm2ddl.SchemaUpdate.execute HHH000396: Updating schema
10-May-2023 05:14:37.682 INFO [http-nio-8082-exec-50] org.hibernate.tool.hbm2ddl.DatabaseMetadata.getTableMetadata HHH000262: Table not found: AddtoCartM
10-May-2023 05:14:37.686 INFO [http-nio-8082-exec-50] org.hibernate.tool.hbm2ddl.DatabaseMetadata.getTableMetadata HHH000262: Table not found: AddtoCartM
10-May-2023 05:14:37.686 INFO [http-nio-8082-exec-50] org.hibernate.tool.hbm2ddl.DatabaseMetadata.getTableMetadata HHH000262: Table not found: AddtoCartM
10-May-2023 05:14:38.135 INFO [http-nio-8082-exec-50] org.hibernate.tool.hbm2ddl.SchemaUpdate.execute HHH000232: Schema update complete
10-May-2023 05:48:57.849 INFO [main] org.apache.catalina.core.StandardServer.await A valid shutdown command was received via the shutdown port. Stopping the Server instance.
10-May-2023 05:48:57.851 INFO [main] org.apache.coyote.AbstractProtocol.pause Pausing ProtocolHandler ["http-nio-8082"]
10-May-2023 05:48:58.287 INFO [main] org.apache.catalina.core.StandardService.stopInternal Stopping service [Catalina]
10-May-2023 05:48:58.297 INFO [main] org.springframework.context.support.AbstractApplicationContext.doClose Closing WebApplicationContext for namespace 'dispatcher-servlet': startup date [Wed May 10 05:14:12 EDT 2023]; parent: Root WebApplicationContext
10-May-2023 05:48:58.319 INFO [main] org.springframework.context.support.AbstractApplicationContext.doClose Closing Root WebApplicationContext: startup date [Wed May 10 05:14:11 EDT 2023]; root of context hierarchy
10-May-2023 05:48:58.351 WARNING [main] org.apache.catalina.loader.WebappClassLoaderBase.clearReferencesJdbc The web application [AddtoCart] registered the JDBC driver [com.mysql.jdbc.Driver] but failed to unregister it when the web application was stopped. To prevent a memory leak, the JDBC Driver has been forcibly unregistered.
10-May-2023 05:48:58.351 WARNING [main] org.apache.catalina.loader.WebappClassLoaderBase.clearReferencesThreads The web application [AddtoCart] appears to have started a thread named [pool-2-thread-1] but has failed to stop it. This is very likely to create a memory leak. Stack trace of thread:
 sun.misc.Unsafe.park(Native Method)
 java.util.concurrent.locks.LockSupport.parkNanos(LockSupport.java:215)
 java.util.concurrent.locks.AbstractQueuedSynchronizer$ConditionObject.awaitNanos(AbstractQueuedSynchronizer.java:2078)
 java.util.concurrent.ScheduledThreadPoolExecutor$DelayedWorkQueue.take(ScheduledThreadPoolExecutor.java:1093)
 java.util.concurrent.ScheduledThreadPoolExecutor$DelayedWorkQueue.take(ScheduledThreadPoolExecutor.java:809)
 java.util.concurrent.ThreadPoolExecutor.getTask(ThreadPoolExecutor.java:1074)
 java.util.concurrent.ThreadPoolExecutor.runWorker(ThreadPoolExecutor.java:1134)
 java.util.concurrent.ThreadPoolExecutor$Worker.run(ThreadPoolExecutor.java:624)
 java.lang.Thread.run(Thread.java:750)
10-May-2023 05:48:58.549 WARNING [main] org.apache.catalina.loader.WebappClassLoaderBase.clearReferencesJdbc The web application [FinalProjectMVC] registered the JDBC driver [com.mysql.jdbc.Driver] but failed to unregister it when the web application was stopped. To prevent a memory leak, the JDBC Driver has been forcibly unregistered.
10-May-2023 05:48:58.550 WARNING [main] org.apache.catalina.loader.WebappClassLoaderBase.clearReferencesThreads The web application [FinalProjectMVC] appears to have started a thread named [pool-1-thread-1] but has failed to stop it. This is very likely to create a memory leak. Stack trace of thread:
 sun.misc.Unsafe.park(Native Method)
 java.util.concurrent.locks.LockSupport.parkNanos(LockSupport.java:215)
 java.util.concurrent.locks.AbstractQueuedSynchronizer$ConditionObject.awaitNanos(AbstractQueuedSynchronizer.java:2078)
 java.util.concurrent.ScheduledThreadPoolExecutor$DelayedWorkQueue.take(ScheduledThreadPoolExecutor.java:1093)
 java.util.concurrent.ScheduledThreadPoolExecutor$DelayedWorkQueue.take(ScheduledThreadPoolExecutor.java:809)
 java.util.concurrent.ThreadPoolExecutor.getTask(ThreadPoolExecutor.java:1074)
 java.util.concurrent.ThreadPoolExecutor.runWorker(ThreadPoolExecutor.java:1134)
 java.util.concurrent.ThreadPoolExecutor$Worker.run(ThreadPoolExecutor.java:624)
 java.lang.Thread.run(Thread.java:750)
10-May-2023 05:48:58.571 INFO [main] org.apache.coyote.AbstractProtocol.stop Stopping ProtocolHandler ["http-nio-8082"]
10-May-2023 05:48:58.622 INFO [main] org.apache.coyote.AbstractProtocol.destroy Destroying ProtocolHandler ["http-nio-8082"]
