26-Feb-2023 09:57:05.206 INFO [main] org.apache.catalina.startup.VersionLoggerListener.log Server version name:   Apache Tomcat/9.0.71
26-Feb-2023 09:57:05.211 INFO [main] org.apache.catalina.startup.VersionLoggerListener.log Server built:          Jan 9 2023 22:33:01 UTC
26-Feb-2023 09:57:05.212 INFO [main] org.apache.catalina.startup.VersionLoggerListener.log Server version number: 9.0.71.0
26-Feb-2023 09:57:05.212 INFO [main] org.apache.catalina.startup.VersionLoggerListener.log OS Name:               Windows 10
26-Feb-2023 09:57:05.212 INFO [main] org.apache.catalina.startup.VersionLoggerListener.log OS Version:            10.0
26-Feb-2023 09:57:05.212 INFO [main] org.apache.catalina.startup.VersionLoggerListener.log Architecture:          amd64
26-Feb-2023 09:57:05.212 INFO [main] org.apache.catalina.startup.VersionLoggerListener.log Java Home:             C:\Program Files\Java\jdk1.8.0_111\jre
26-Feb-2023 09:57:05.212 INFO [main] org.apache.catalina.startup.VersionLoggerListener.log JVM Version:           1.8.0_111-b14
26-Feb-2023 09:57:05.212 INFO [main] org.apache.catalina.startup.VersionLoggerListener.log JVM Vendor:            Oracle Corporation
26-Feb-2023 09:57:05.214 INFO [main] org.apache.catalina.startup.VersionLoggerListener.log CATALINA_BASE:         C:\Users\isaac\Desktop\AUCA\Semester 8\WEB TECH\apache-tomcat-9.0.71
26-Feb-2023 09:57:05.214 INFO [main] org.apache.catalina.startup.VersionLoggerListener.log CATALINA_HOME:         C:\Users\isaac\Desktop\AUCA\Semester 8\WEB TECH\apache-tomcat-9.0.71
26-Feb-2023 09:57:05.217 INFO [main] org.apache.catalina.startup.VersionLoggerListener.log Command line argument: -Djava.util.logging.config.file=C:\Users\isaac\Desktop\AUCA\Semester 8\WEB TECH\apache-tomcat-9.0.71\conf\logging.properties
26-Feb-2023 09:57:05.217 INFO [main] org.apache.catalina.startup.VersionLoggerListener.log Command line argument: -Djava.util.logging.manager=org.apache.juli.ClassLoaderLogManager
26-Feb-2023 09:57:05.217 INFO [main] org.apache.catalina.startup.VersionLoggerListener.log Command line argument: -Dhttp.nonProxyHosts=localhost|127.0.0.1|Isaac
26-Feb-2023 09:57:05.217 INFO [main] org.apache.catalina.startup.VersionLoggerListener.log Command line argument: -Djdk.tls.ephemeralDHKeySize=2048
26-Feb-2023 09:57:05.217 INFO [main] org.apache.catalina.startup.VersionLoggerListener.log Command line argument: -Djava.protocol.handler.pkgs=org.apache.catalina.webresources
26-Feb-2023 09:57:05.217 INFO [main] org.apache.catalina.startup.VersionLoggerListener.log Command line argument: -Dignore.endorsed.dirs=
26-Feb-2023 09:57:05.219 INFO [main] org.apache.catalina.startup.VersionLoggerListener.log Command line argument: -Dcatalina.base=C:\Users\isaac\Desktop\AUCA\Semester 8\WEB TECH\apache-tomcat-9.0.71
26-Feb-2023 09:57:05.219 INFO [main] org.apache.catalina.startup.VersionLoggerListener.log Command line argument: -Dcatalina.home=C:\Users\isaac\Desktop\AUCA\Semester 8\WEB TECH\apache-tomcat-9.0.71
26-Feb-2023 09:57:05.219 INFO [main] org.apache.catalina.startup.VersionLoggerListener.log Command line argument: -Djava.io.tmpdir=C:\Users\isaac\Desktop\AUCA\Semester 8\WEB TECH\apache-tomcat-9.0.71\temp
26-Feb-2023 09:57:05.288 INFO [main] org.apache.catalina.core.AprLifecycleListener.lifecycleEvent Loaded Apache Tomcat Native library [1.2.35] using APR version [1.7.0].
26-Feb-2023 09:57:05.288 INFO [main] org.apache.catalina.core.AprLifecycleListener.lifecycleEvent APR capabilities: IPv6 [true], sendfile [true], accept filters [false], random [true], UDS [true].
26-Feb-2023 09:57:05.288 INFO [main] org.apache.catalina.core.AprLifecycleListener.lifecycleEvent APR/OpenSSL configuration: useAprConnector [false], useOpenSSL [true]
26-Feb-2023 09:57:05.359 INFO [main] org.apache.catalina.core.AprLifecycleListener.initializeSSL OpenSSL successfully initialized [OpenSSL 1.1.1q  5 Jul 2022]
26-Feb-2023 09:57:06.368 INFO [main] org.apache.coyote.AbstractProtocol.init Initializing ProtocolHandler ["http-nio-8080"]
26-Feb-2023 09:57:06.454 INFO [main] org.apache.catalina.startup.Catalina.load Server initialization in [1758] milliseconds
26-Feb-2023 09:57:06.562 INFO [main] org.apache.catalina.core.StandardService.startInternal Starting service [Catalina]
26-Feb-2023 09:57:06.562 INFO [main] org.apache.catalina.core.StandardEngine.startInternal Starting Servlet engine: [Apache Tomcat/9.0.71]
26-Feb-2023 09:57:06.612 INFO [main] org.apache.catalina.startup.HostConfig.deployDescriptor Deploying deployment descriptor [C:\Users\isaac\Desktop\AUCA\Semester 8\WEB TECH\apache-tomcat-9.0.71\conf\Catalina\localhost\StudentRegistrationApp.xml]
26-Feb-2023 09:57:06.701 WARNING [main] org.apache.catalina.startup.HostConfig.deployDescriptor The path attribute with value [/StudentRegistrationApp] in deployment descriptor [C:\Users\isaac\Desktop\AUCA\Semester 8\WEB TECH\apache-tomcat-9.0.71\conf\Catalina\localhost\StudentRegistrationApp.xml] has been ignored
26-Feb-2023 09:57:08.595 INFO [main] org.apache.jasper.servlet.TldScanner.scanJars At least one JAR was scanned for TLDs yet contained no TLDs. Enable debug logging for this logger for a complete list of JARs that were scanned but no TLDs were found in them. Skipping unneeded JARs during scanning can improve startup time and JSP compilation time.
26-Feb-2023 09:57:08.812 INFO [main] com.sun.faces.config.ConfigureListener.contextInitialized Initializing Mojarra 2.2.7 ( 20140610-1547 https://svn.java.net/svn/mojarra~svn/tags/2.2.7@13362) for context '/StudentRegistrationApp'
26-Feb-2023 09:57:09.038 INFO [main] com.sun.faces.spi.InjectionProviderFactory.createInstance JSF1048: PostConstruct/PreDestroy annotations present.  ManagedBeans methods marked with these annotations will have said annotations processed.
26-Feb-2023 09:57:10.297 WARNING [main] org.apache.catalina.util.SessionIdGeneratorBase.createSecureRandom Creation of SecureRandom instance for session ID generation using [SHA1PRNG] took [437] milliseconds.
26-Feb-2023 09:57:10.318 INFO [main] org.apache.catalina.startup.HostConfig.deployDescriptor Deployment of deployment descriptor [C:\Users\isaac\Desktop\AUCA\Semester 8\WEB TECH\apache-tomcat-9.0.71\conf\Catalina\localhost\StudentRegistrationApp.xml] has finished in [3,706] ms
26-Feb-2023 09:57:10.328 INFO [main] org.apache.catalina.startup.HostConfig.deployDirectory Deploying web application directory [C:\Users\isaac\Desktop\AUCA\Semester 8\WEB TECH\apache-tomcat-9.0.71\webapps\docs]
26-Feb-2023 09:57:10.413 INFO [main] org.apache.catalina.startup.HostConfig.deployDirectory Deployment of web application directory [C:\Users\isaac\Desktop\AUCA\Semester 8\WEB TECH\apache-tomcat-9.0.71\webapps\docs] has finished in [95] ms
26-Feb-2023 09:57:10.415 INFO [main] org.apache.catalina.startup.HostConfig.deployDirectory Deploying web application directory [C:\Users\isaac\Desktop\AUCA\Semester 8\WEB TECH\apache-tomcat-9.0.71\webapps\examples]
26-Feb-2023 09:57:12.196 INFO [main] org.apache.catalina.startup.HostConfig.deployDirectory Deployment of web application directory [C:\Users\isaac\Desktop\AUCA\Semester 8\WEB TECH\apache-tomcat-9.0.71\webapps\examples] has finished in [1,781] ms
26-Feb-2023 09:57:12.196 INFO [main] org.apache.catalina.startup.HostConfig.deployDirectory Deploying web application directory [C:\Users\isaac\Desktop\AUCA\Semester 8\WEB TECH\apache-tomcat-9.0.71\webapps\host-manager]
26-Feb-2023 09:57:12.288 INFO [main] org.apache.catalina.startup.HostConfig.deployDirectory Deployment of web application directory [C:\Users\isaac\Desktop\AUCA\Semester 8\WEB TECH\apache-tomcat-9.0.71\webapps\host-manager] has finished in [92] ms
26-Feb-2023 09:57:12.288 INFO [main] org.apache.catalina.startup.HostConfig.deployDirectory Deploying web application directory [C:\Users\isaac\Desktop\AUCA\Semester 8\WEB TECH\apache-tomcat-9.0.71\webapps\manager]
26-Feb-2023 09:57:12.346 INFO [main] org.apache.catalina.startup.HostConfig.deployDirectory Deployment of web application directory [C:\Users\isaac\Desktop\AUCA\Semester 8\WEB TECH\apache-tomcat-9.0.71\webapps\manager] has finished in [58] ms
26-Feb-2023 09:57:12.346 INFO [main] org.apache.catalina.startup.HostConfig.deployDirectory Deploying web application directory [C:\Users\isaac\Desktop\AUCA\Semester 8\WEB TECH\apache-tomcat-9.0.71\webapps\ROOT]
26-Feb-2023 09:57:12.539 INFO [main] org.apache.catalina.startup.HostConfig.deployDirectory Deployment of web application directory [C:\Users\isaac\Desktop\AUCA\Semester 8\WEB TECH\apache-tomcat-9.0.71\webapps\ROOT] has finished in [193] ms
26-Feb-2023 09:57:12.539 INFO [main] org.apache.coyote.AbstractProtocol.start Starting ProtocolHandler ["http-nio-8080"]
26-Feb-2023 09:57:12.752 INFO [main] org.apache.catalina.startup.Catalina.start Server startup in [6294] milliseconds
26-Feb-2023 09:57:45.919 INFO [http-nio-8080-exec-4] org.apache.catalina.core.StandardContext.reload Reloading Context with name [/StudentRegistrationApp] has started
26-Feb-2023 09:57:46.777 INFO [http-nio-8080-exec-4] org.apache.jasper.servlet.TldScanner.scanJars At least one JAR was scanned for TLDs yet contained no TLDs. Enable debug logging for this logger for a complete list of JARs that were scanned but no TLDs were found in them. Skipping unneeded JARs during scanning can improve startup time and JSP compilation time.
26-Feb-2023 09:57:46.917 INFO [http-nio-8080-exec-4] com.sun.faces.config.ConfigureListener.contextInitialized Initializing Mojarra 2.2.7 ( 20140610-1547 https://svn.java.net/svn/mojarra~svn/tags/2.2.7@13362) for context '/StudentRegistrationApp'
26-Feb-2023 09:57:47.100 INFO [http-nio-8080-exec-4] com.sun.faces.spi.InjectionProviderFactory.createInstance JSF1048: PostConstruct/PreDestroy annotations present.  ManagedBeans methods marked with these annotations will have said annotations processed.
26-Feb-2023 09:57:47.959 INFO [http-nio-8080-exec-4] org.apache.catalina.core.StandardContext.reload Reloading Context with name [/StudentRegistrationApp] is completed
26-Feb-2023 10:38:37.168 1100 [http-nio-8080-exec-13] com.sun.faces.context.ExceptionHandlerImpl.log JSF1073: javax.faces.application.ViewExpiredException caught during processing of RESTORE_VIEW 1 : UIComponent-ClientId=, Message=viewId:/studentList.xhtml - View /studentList.xhtml could not be restored.
26-Feb-2023 10:38:37.169 1100 [http-nio-8080-exec-13] com.sun.faces.context.ExceptionHandlerImpl.log viewId:/studentList.xhtml - View /studentList.xhtml could not be restored.
	javax.faces.application.ViewExpiredException: viewId:/studentList.xhtml - View /studentList.xhtml could not be restored.
		at com.sun.faces.lifecycle.RestoreViewPhase.execute(RestoreViewPhase.java:210)
		at com.sun.faces.lifecycle.Phase.doPhase(Phase.java:101)
		at com.sun.faces.lifecycle.RestoreViewPhase.doPhase(RestoreViewPhase.java:121)
		at com.sun.faces.lifecycle.LifecycleImpl.execute(LifecycleImpl.java:198)
		at javax.faces.webapp.FacesServlet.service(FacesServlet.java:646)
		at org.apache.catalina.core.ApplicationFilterChain.internalDoFilter(ApplicationFilterChain.java:227)
		at org.apache.catalina.core.ApplicationFilterChain.doFilter(ApplicationFilterChain.java:162)
		at org.apache.tomcat.websocket.server.WsFilter.doFilter(WsFilter.java:53)
		at org.apache.catalina.core.ApplicationFilterChain.internalDoFilter(ApplicationFilterChain.java:189)
		at org.apache.catalina.core.ApplicationFilterChain.doFilter(ApplicationFilterChain.java:162)
		at org.apache.catalina.core.StandardWrapperValve.invoke(StandardWrapperValve.java:177)
		at org.apache.catalina.core.StandardContextValve.invoke(StandardContextValve.java:97)
		at org.apache.catalina.authenticator.AuthenticatorBase.invoke(AuthenticatorBase.java:541)
		at org.apache.catalina.core.StandardHostValve.invoke(StandardHostValve.java:135)
		at org.apache.catalina.valves.ErrorReportValve.invoke(ErrorReportValve.java:92)
		at org.apache.catalina.valves.AbstractAccessLogValve.invoke(AbstractAccessLogValve.java:687)
		at org.apache.catalina.core.StandardEngineValve.invoke(StandardEngineValve.java:78)
		at org.apache.catalina.connector.CoyoteAdapter.service(CoyoteAdapter.java:360)
		at org.apache.coyote.http11.Http11Processor.service(Http11Processor.java:399)
		at org.apache.coyote.AbstractProcessorLight.process(AbstractProcessorLight.java:65)
		at org.apache.coyote.AbstractProtocol$ConnectionHandler.process(AbstractProtocol.java:891)
		at org.apache.tomcat.util.net.NioEndpoint$SocketProcessor.doRun(NioEndpoint.java:1784)
		at org.apache.tomcat.util.net.SocketProcessorBase.run(SocketProcessorBase.java:49)
		at org.apache.tomcat.util.threads.ThreadPoolExecutor.runWorker(ThreadPoolExecutor.java:1191)
		at org.apache.tomcat.util.threads.ThreadPoolExecutor$Worker.run(ThreadPoolExecutor.java:659)
		at org.apache.tomcat.util.threads.TaskThread$WrappingRunnable.run(TaskThread.java:61)
		at java.lang.Thread.run(Thread.java:745)
